<?xml version="1.0" encoding="UTF-8"?>
<!-- Generated by org.testng.reporters.JUnitReportReporter -->
<testsuite skipped="0" hostname="AsusIT" name="newTest.TestSashaSkorbun" tests="5" failures="0" timestamp="29 дек 2017 09:26:03 GMT" time="32.543" errors="0">
  <testcase name="NavigateToHomePage" time="20.185" classname="newTest.TestSashaSkorbun"/>
  <testcase name="openGallery" time="2.276" classname="newTest.TestSashaSkorbun"/>
  <testcase name="openAbout" time="0.668" classname="newTest.TestSashaSkorbun"/>
  <testcase name="openHome" time="0.640" classname="newTest.TestSashaSkorbun"/>
  <testcase name="search" time="8.774" classname="newTest.TestSashaSkorbun"/>
</testsuite> <!-- newTest.TestSashaSkorbun -->
